2013-11-21 09:54:56 -$44_1$OpenResetPwdLink: failed
2013-11-21 09:54:56 -test case failed :
java.lang.AssertionError: expected:<true> but was:<false>
	at org.junit.Assert.fail(Assert.java:91) ~[junit-dep-4.8.2.jar:na]
	at org.junit.Assert.failNotEquals(Assert.java:645) ~[junit-dep-4.8.2.jar:na]
	at org.junit.Assert.assertEquals(Assert.java:126) ~[junit-dep-4.8.2.jar:na]
	at org.junit.Assert.assertEquals(Assert.java:145) ~[junit-dep-4.8.2.jar:na]
	at ui.signIn.ValidateSignInDialogAsGuest.$44_1$OpenResetPwdLink(ValidateSignInDialogAsGuest.java:46) ~[test-classes/:na]
	at sun.reflect.NativeMethodAccessorImpl.invoke0(Native Method) ~[na:1.7.0]
	at sun.reflect.NativeMethodAccessorImpl.invoke(NativeMethodAccessorImpl.java:57) ~[na:1.7.0]
	at sun.reflect.DelegatingMethodAccessorImpl.invoke(DelegatingMethodAccessorImpl.java:43) ~[na:1.7.0]
	at java.lang.reflect.Method.invoke(Method.java:601) ~[na:1.7.0]
	at org.junit.runners.model.FrameworkMethod$1.runReflectiveCall(FrameworkMethod.java:44) [junit-dep-4.8.2.jar:na]
	at org.junit.internal.runners.model.ReflectiveCallable.run(ReflectiveCallable.java:15) [junit-dep-4.8.2.jar:na]
	at org.junit.runners.model.FrameworkMethod.invokeExplosively(FrameworkMethod.java:41) [junit-dep-4.8.2.jar:na]
	at org.junit.internal.runners.statements.InvokeMethod.evaluate(InvokeMethod.java:20) [junit-dep-4.8.2.jar:na]
	at org.junit.internal.runners.statements.RunBefores.evaluate(RunBefores.java:28) [junit-dep-4.8.2.jar:na]
	at org.junit.internal.runners.statements.RunAfters.evaluate(RunAfters.java:31) [junit-dep-4.8.2.jar:na]
	at util.TestWatcheRule$1.evaluate(TestWatcheRule.java:55) ~[test-classes/:na]
	at org.junit.runners.BlockJUnit4ClassRunner.runNotIgnored(BlockJUnit4ClassRunner.java:79) [junit-dep-4.8.2.jar:na]
	at org.junit.runners.BlockJUnit4ClassRunner.runChild(BlockJUnit4ClassRunner.java:71) [junit-dep-4.8.2.jar:na]
	at org.junit.runners.BlockJUnit4ClassRunner.runChild(BlockJUnit4ClassRunner.java:49) [junit-dep-4.8.2.jar:na]
	at org.junit.runners.ParentRunner$3.run(ParentRunner.java:193) [junit-dep-4.8.2.jar:na]
	at org.junit.runners.ParentRunner$1.schedule(ParentRunner.java:52) [junit-dep-4.8.2.jar:na]
	at org.junit.runners.ParentRunner.runChildren(ParentRunner.java:191) [junit-dep-4.8.2.jar:na]
	at org.junit.runners.ParentRunner.access$000(ParentRunner.java:42) [junit-dep-4.8.2.jar:na]
	at org.junit.runners.ParentRunner$2.evaluate(ParentRunner.java:184) [junit-dep-4.8.2.jar:na]
	at org.junit.internal.runners.statements.RunAfters.evaluate(RunAfters.java:31) [junit-dep-4.8.2.jar:na]
	at org.junit.runners.ParentRunner.run(ParentRunner.java:236) [junit-dep-4.8.2.jar:na]
	at org.junit.runners.Suite.runChild(Suite.java:128) [junit-dep-4.8.2.jar:na]
	at org.junit.runners.Suite.runChild(Suite.java:24) [junit-dep-4.8.2.jar:na]
	at org.junit.runners.ParentRunner$3.run(ParentRunner.java:193) [junit-dep-4.8.2.jar:na]
	at org.junit.runners.ParentRunner$1.schedule(ParentRunner.java:52) [junit-dep-4.8.2.jar:na]
	at org.junit.runners.ParentRunner.runChildren(ParentRunner.java:191) [junit-dep-4.8.2.jar:na]
	at org.junit.runners.ParentRunner.access$000(ParentRunner.java:42) [junit-dep-4.8.2.jar:na]
	at org.junit.runners.ParentRunner$2.evaluate(ParentRunner.java:184) [junit-dep-4.8.2.jar:na]
	at org.junit.runners.ParentRunner.run(ParentRunner.java:236) [junit-dep-4.8.2.jar:na]
	at org.junit.runner.JUnitCore.run(JUnitCore.java:157) [junit-dep-4.8.2.jar:na]
	at org.junit.runner.JUnitCore.run(JUnitCore.java:136) [junit-dep-4.8.2.jar:na]
	at org.junit.runner.JUnitCore.run(JUnitCore.java:127) [junit-dep-4.8.2.jar:na]
	at org.junit.runner.JUnitCore.runClasses(JUnitCore.java:76) [junit-dep-4.8.2.jar:na]
	at tests.TestSet.testAsGuest(TestSet.java:66) [test-classes/:na]
	at sun.reflect.NativeMethodAccessorImpl.invoke0(Native Method) ~[na:1.7.0]
	at sun.reflect.NativeMethodAccessorImpl.invoke(NativeMethodAccessorImpl.java:57) ~[na:1.7.0]
	at sun.reflect.DelegatingMethodAccessorImpl.invoke(DelegatingMethodAccessorImpl.java:43) ~[na:1.7.0]
	at java.lang.reflect.Method.invoke(Method.java:601) ~[na:1.7.0]
	at org.junit.runners.model.FrameworkMethod$1.runReflectiveCall(FrameworkMethod.java:44) [junit-dep-4.8.2.jar:na]
	at org.junit.internal.runners.model.ReflectiveCallable.run(ReflectiveCallable.java:15) [junit-dep-4.8.2.jar:na]
	at org.junit.runners.model.FrameworkMethod.invokeExplosively(FrameworkMethod.java:41) [junit-dep-4.8.2.jar:na]
	at org.junit.internal.runners.statements.InvokeMethod.evaluate(InvokeMethod.java:20) [junit-dep-4.8.2.jar:na]
	at org.junit.internal.runners.statements.RunBefores.evaluate(RunBefores.java:28) [junit-dep-4.8.2.jar:na]
	at org.junit.internal.runners.statements.RunAfters.evaluate(RunAfters.java:31) [junit-dep-4.8.2.jar:na]
	at org.junit.runners.BlockJUnit4ClassRunner.runNotIgnored(BlockJUnit4ClassRunner.java:79) [junit-dep-4.8.2.jar:na]
	at org.junit.runners.BlockJUnit4ClassRunner.runChild(BlockJUnit4ClassRunner.java:71) [junit-dep-4.8.2.jar:na]
	at org.junit.runners.BlockJUnit4ClassRunner.runChild(BlockJUnit4ClassRunner.java:49) [junit-dep-4.8.2.jar:na]
	at org.junit.runners.ParentRunner$3.run(ParentRunner.java:193) [junit-dep-4.8.2.jar:na]
	at org.junit.runners.ParentRunner$1.schedule(ParentRunner.java:52) [junit-dep-4.8.2.jar:na]
	at org.junit.runners.ParentRunner.runChildren(ParentRunner.java:191) [junit-dep-4.8.2.jar:na]
	at org.junit.runners.ParentRunner.access$000(ParentRunner.java:42) [junit-dep-4.8.2.jar:na]
	at org.junit.runners.ParentRunner$2.evaluate(ParentRunner.java:184) [junit-dep-4.8.2.jar:na]
	at org.junit.internal.runners.statements.RunBefores.evaluate(RunBefores.java:28) [junit-dep-4.8.2.jar:na]
	at org.junit.internal.runners.statements.RunAfters.evaluate(RunAfters.java:31) [junit-dep-4.8.2.jar:na]
	at org.junit.runners.ParentRunner.run(ParentRunner.java:236) [junit-dep-4.8.2.jar:na]
	at org.eclipse.jdt.internal.junit4.runner.JUnit4TestReference.run(JUnit4TestReference.java:50) [.cp/:na]
	at org.eclipse.jdt.internal.junit.runner.TestExecution.run(TestExecution.java:38) [.cp/:na]
	at org.eclipse.jdt.internal.junit.runner.RemoteTestRunner.runTests(RemoteTestRunner.java:467) [.cp/:na]
	at org.eclipse.jdt.internal.junit.runner.RemoteTestRunner.runTests(RemoteTestRunner.java:683) [.cp/:na]
	at org.eclipse.jdt.internal.junit.runner.RemoteTestRunner.run(RemoteTestRunner.java:390) [.cp/:na]
	at org.eclipse.jdt.internal.junit.runner.RemoteTestRunner.main(RemoteTestRunner.java:197) [.cp/:na]
2013-11-21 09:55:54 -$64_1$ClickContinue__3_3: failed
2013-11-21 09:55:54 -test case failed :
java.lang.AssertionError: 
	at org.junit.Assert.fail(Assert.java:91) ~[junit-dep-4.8.2.jar:na]
	at org.junit.Assert.assertTrue(Assert.java:43) ~[junit-dep-4.8.2.jar:na]
	at org.junit.Assert.assertTrue(Assert.java:54) ~[junit-dep-4.8.2.jar:na]
	at ui.register.ValidateRegisterDialogAsGuest.$64_1$ClickContinue__3_3(ValidateRegisterDialogAsGuest.java:81) ~[test-classes/:na]
	at sun.reflect.NativeMethodAccessorImpl.invoke0(Native Method) ~[na:1.7.0]
	at sun.reflect.NativeMethodAccessorImpl.invoke(NativeMethodAccessorImpl.java:57) ~[na:1.7.0]
	at sun.reflect.DelegatingMethodAccessorImpl.invoke(DelegatingMethodAccessorImpl.java:43) ~[na:1.7.0]
	at java.lang.reflect.Method.invoke(Method.java:601) ~[na:1.7.0]
	at org.junit.runners.model.FrameworkMethod$1.runReflectiveCall(FrameworkMethod.java:44) [junit-dep-4.8.2.jar:na]
	at org.junit.internal.runners.model.ReflectiveCallable.run(ReflectiveCallable.java:15) [junit-dep-4.8.2.jar:na]
	at org.junit.runners.model.FrameworkMethod.invokeExplosively(FrameworkMethod.java:41) [junit-dep-4.8.2.jar:na]
	at org.junit.internal.runners.statements.InvokeMethod.evaluate(InvokeMethod.java:20) [junit-dep-4.8.2.jar:na]
	at org.junit.internal.runners.statements.RunBefores.evaluate(RunBefores.java:28) [junit-dep-4.8.2.jar:na]
	at org.junit.internal.runners.statements.RunAfters.evaluate(RunAfters.java:31) [junit-dep-4.8.2.jar:na]
	at util.TestWatcheRule$1.evaluate(TestWatcheRule.java:55) ~[test-classes/:na]
	at org.junit.runners.BlockJUnit4ClassRunner.runNotIgnored(BlockJUnit4ClassRunner.java:79) [junit-dep-4.8.2.jar:na]
	at org.junit.runners.BlockJUnit4ClassRunner.runChild(BlockJUnit4ClassRunner.java:71) [junit-dep-4.8.2.jar:na]
	at org.junit.runners.BlockJUnit4ClassRunner.runChild(BlockJUnit4ClassRunner.java:49) [junit-dep-4.8.2.jar:na]
	at org.junit.runners.ParentRunner$3.run(ParentRunner.java:193) [junit-dep-4.8.2.jar:na]
	at org.junit.runners.ParentRunner$1.schedule(ParentRunner.java:52) [junit-dep-4.8.2.jar:na]
	at org.junit.runners.ParentRunner.runChildren(ParentRunner.java:191) [junit-dep-4.8.2.jar:na]
	at org.junit.runners.ParentRunner.access$000(ParentRunner.java:42) [junit-dep-4.8.2.jar:na]
	at org.junit.runners.ParentRunner$2.evaluate(ParentRunner.java:184) [junit-dep-4.8.2.jar:na]
	at org.junit.internal.runners.statements.RunAfters.evaluate(RunAfters.java:31) [junit-dep-4.8.2.jar:na]
	at org.junit.runners.ParentRunner.run(ParentRunner.java:236) [junit-dep-4.8.2.jar:na]
	at org.junit.runners.Suite.runChild(Suite.java:128) [junit-dep-4.8.2.jar:na]
	at org.junit.runners.Suite.runChild(Suite.java:24) [junit-dep-4.8.2.jar:na]
	at org.junit.runners.ParentRunner$3.run(ParentRunner.java:193) [junit-dep-4.8.2.jar:na]
	at org.junit.runners.ParentRunner$1.schedule(ParentRunner.java:52) [junit-dep-4.8.2.jar:na]
	at org.junit.runners.ParentRunner.runChildren(ParentRunner.java:191) [junit-dep-4.8.2.jar:na]
	at org.junit.runners.ParentRunner.access$000(ParentRunner.java:42) [junit-dep-4.8.2.jar:na]
	at org.junit.runners.ParentRunner$2.evaluate(ParentRunner.java:184) [junit-dep-4.8.2.jar:na]
	at org.junit.runners.ParentRunner.run(ParentRunner.java:236) [junit-dep-4.8.2.jar:na]
	at org.junit.runner.JUnitCore.run(JUnitCore.java:157) [junit-dep-4.8.2.jar:na]
	at org.junit.runner.JUnitCore.run(JUnitCore.java:136) [junit-dep-4.8.2.jar:na]
	at org.junit.runner.JUnitCore.run(JUnitCore.java:127) [junit-dep-4.8.2.jar:na]
	at org.junit.runner.JUnitCore.runClasses(JUnitCore.java:76) [junit-dep-4.8.2.jar:na]
	at tests.TestSet.testAsGuest(TestSet.java:66) [test-classes/:na]
	at sun.reflect.NativeMethodAccessorImpl.invoke0(Native Method) ~[na:1.7.0]
	at sun.reflect.NativeMethodAccessorImpl.invoke(NativeMethodAccessorImpl.java:57) ~[na:1.7.0]
	at sun.reflect.DelegatingMethodAccessorImpl.invoke(DelegatingMethodAccessorImpl.java:43) ~[na:1.7.0]
	at java.lang.reflect.Method.invoke(Method.java:601) ~[na:1.7.0]
	at org.junit.runners.model.FrameworkMethod$1.runReflectiveCall(FrameworkMethod.java:44) [junit-dep-4.8.2.jar:na]
	at org.junit.internal.runners.model.ReflectiveCallable.run(ReflectiveCallable.java:15) [junit-dep-4.8.2.jar:na]
	at org.junit.runners.model.FrameworkMethod.invokeExplosively(FrameworkMethod.java:41) [junit-dep-4.8.2.jar:na]
	at org.junit.internal.runners.statements.InvokeMethod.evaluate(InvokeMethod.java:20) [junit-dep-4.8.2.jar:na]
	at org.junit.internal.runners.statements.RunBefores.evaluate(RunBefores.java:28) [junit-dep-4.8.2.jar:na]
	at org.junit.internal.runners.statements.RunAfters.evaluate(RunAfters.java:31) [junit-dep-4.8.2.jar:na]
	at org.junit.runners.BlockJUnit4ClassRunner.runNotIgnored(BlockJUnit4ClassRunner.java:79) [junit-dep-4.8.2.jar:na]
	at org.junit.runners.BlockJUnit4ClassRunner.runChild(BlockJUnit4ClassRunner.java:71) [junit-dep-4.8.2.jar:na]
	at org.junit.runners.BlockJUnit4ClassRunner.runChild(BlockJUnit4ClassRunner.java:49) [junit-dep-4.8.2.jar:na]
	at org.junit.runners.ParentRunner$3.run(ParentRunner.java:193) [junit-dep-4.8.2.jar:na]
	at org.junit.runners.ParentRunner$1.schedule(ParentRunner.java:52) [junit-dep-4.8.2.jar:na]
	at org.junit.runners.ParentRunner.runChildren(ParentRunner.java:191) [junit-dep-4.8.2.jar:na]
	at org.junit.runners.ParentRunner.access$000(ParentRunner.java:42) [junit-dep-4.8.2.jar:na]
	at org.junit.runners.ParentRunner$2.evaluate(ParentRunner.java:184) [junit-dep-4.8.2.jar:na]
	at org.junit.internal.runners.statements.RunBefores.evaluate(RunBefores.java:28) [junit-dep-4.8.2.jar:na]
	at org.junit.internal.runners.statements.RunAfters.evaluate(RunAfters.java:31) [junit-dep-4.8.2.jar:na]
	at org.junit.runners.ParentRunner.run(ParentRunner.java:236) [junit-dep-4.8.2.jar:na]
	at org.eclipse.jdt.internal.junit4.runner.JUnit4TestReference.run(JUnit4TestReference.java:50) [.cp/:na]
	at org.eclipse.jdt.internal.junit.runner.TestExecution.run(TestExecution.java:38) [.cp/:na]
	at org.eclipse.jdt.internal.junit.runner.RemoteTestRunner.runTests(RemoteTestRunner.java:467) [.cp/:na]
	at org.eclipse.jdt.internal.junit.runner.RemoteTestRunner.runTests(RemoteTestRunner.java:683) [.cp/:na]
	at org.eclipse.jdt.internal.junit.runner.RemoteTestRunner.run(RemoteTestRunner.java:390) [.cp/:na]
	at org.eclipse.jdt.internal.junit.runner.RemoteTestRunner.main(RemoteTestRunner.java:197) [.cp/:na]
2013-11-21 10:04:14 -testAsGuest ->run count:23    run failure:2    ignore count:0
2013-11-21 10:07:14 -$122$CheckJigsaw: failed
2013-11-21 10:07:14 -test case failed :
org.openqa.selenium.NoSuchElementException: Unable to locate element: {"method":"css selector","selector":".quick-connect .span12.list-horizontal.applications-list li:nth-child(11) div.list-button.clearfix a"}
Command duration or timeout: 46 milliseconds
For documentation on this error, please visit: http://seleniumhq.org/exceptions/no_such_element.html
Build info: version: '2.33.0', revision: '4ecaf82108b2a6cc6f006aae81961236eba93358', time: '2013-05-22 12:00:17'
System info: os.name: 'Windows 7', os.arch: 'amd64', os.version: '6.1', java.version: '1.7.0'
Session ID: 6f1f46d7-b483-41e2-8e07-a887b3a05420
Driver info: org.openqa.selenium.firefox.FirefoxDriver
Capabilities [{platform=XP, acceptSslCerts=true, javascriptEnabled=true, browserName=firefox, rotatable=false, locationContextEnabled=true, version=25.0.1, cssSelectorsEnabled=true, databaseEnabled=true, handlesAlerts=true, browserConnectionEnabled=true, nativeEvents=true, webStorageEnabled=true, applicationCacheEnabled=true, takesScreenshot=true}]
	at sun.reflect.GeneratedConstructorAccessor13.newInstance(Unknown Source) ~[na:na]
	at sun.reflect.DelegatingConstructorAccessorImpl.newInstance(DelegatingConstructorAccessorImpl.java:45) ~[na:1.7.0]
	at java.lang.reflect.Constructor.newInstance(Constructor.java:525) ~[na:1.7.0]
	at org.openqa.selenium.remote.ErrorHandler.createThrowable(ErrorHandler.java:191) ~[selenium-remote-driver-2.33.0.jar:na]
	at org.openqa.selenium.remote.ErrorHandler.throwIfResponseFailed(ErrorHandler.java:145) ~[selenium-remote-driver-2.33.0.jar:na]
	at org.openqa.selenium.remote.RemoteWebDriver.execute(RemoteWebDriver.java:554) ~[selenium-remote-driver-2.33.0.jar:na]
	at org.openqa.selenium.remote.RemoteWebDriver.findElement(RemoteWebDriver.java:307) ~[selenium-remote-driver-2.33.0.jar:na]
	at org.openqa.selenium.remote.RemoteWebDriver.findElementByCssSelector(RemoteWebDriver.java:396) ~[selenium-remote-driver-2.33.0.jar:na]
	at org.openqa.selenium.By$ByCssSelector.findElement(By.java:406) ~[selenium-api-2.33.0.jar:na]
	at org.openqa.selenium.remote.RemoteWebDriver.findElement(RemoteWebDriver.java:299) ~[selenium-remote-driver-2.33.0.jar:na]
	at org.openqa.selenium.support.pagefactory.DefaultElementLocator.findElement(DefaultElementLocator.java:59) ~[selenium-support-2.33.0.jar:na]
	at org.openqa.selenium.support.pagefactory.internal.LocatingElementHandler.invoke(LocatingElementHandler.java:34) ~[selenium-support-2.33.0.jar:na]
	at $Proxy11.click(Unknown Source) ~[na:na]
	at ui.integrate.IntegratePage.clickJigsawLMBtn(IntegratePage.java:112) ~[test-classes/:na]
	at ui.integrate.ValidateIntegratePageAsSignedUser.$122$CheckJigsaw(ValidateIntegratePageAsSignedUser.java:169) ~[test-classes/:na]
	at sun.reflect.NativeMethodAccessorImpl.invoke0(Native Method) ~[na:1.7.0]
	at sun.reflect.NativeMethodAccessorImpl.invoke(NativeMethodAccessorImpl.java:57) ~[na:1.7.0]
	at sun.reflect.DelegatingMethodAccessorImpl.invoke(DelegatingMethodAccessorImpl.java:43) ~[na:1.7.0]
	at java.lang.reflect.Method.invoke(Method.java:601) ~[na:1.7.0]
	at org.junit.runners.model.FrameworkMethod$1.runReflectiveCall(FrameworkMethod.java:44) [junit-dep-4.8.2.jar:na]
	at org.junit.internal.runners.model.ReflectiveCallable.run(ReflectiveCallable.java:15) [junit-dep-4.8.2.jar:na]
	at org.junit.runners.model.FrameworkMethod.invokeExplosively(FrameworkMethod.java:41) [junit-dep-4.8.2.jar:na]
	at org.junit.internal.runners.statements.InvokeMethod.evaluate(InvokeMethod.java:20) [junit-dep-4.8.2.jar:na]
	at org.junit.internal.runners.statements.RunBefores.evaluate(RunBefores.java:28) [junit-dep-4.8.2.jar:na]
	at org.junit.internal.runners.statements.RunAfters.evaluate(RunAfters.java:31) [junit-dep-4.8.2.jar:na]
	at util.TestWatcheRule$1.evaluate(TestWatcheRule.java:55) ~[test-classes/:na]
	at org.junit.runners.BlockJUnit4ClassRunner.runNotIgnored(BlockJUnit4ClassRunner.java:79) [junit-dep-4.8.2.jar:na]
	at org.junit.runners.BlockJUnit4ClassRunner.runChild(BlockJUnit4ClassRunner.java:71) [junit-dep-4.8.2.jar:na]
	at org.junit.runners.BlockJUnit4ClassRunner.runChild(BlockJUnit4ClassRunner.java:49) [junit-dep-4.8.2.jar:na]
	at org.junit.runners.ParentRunner$3.run(ParentRunner.java:193) [junit-dep-4.8.2.jar:na]
	at org.junit.runners.ParentRunner$1.schedule(ParentRunner.java:52) [junit-dep-4.8.2.jar:na]
	at org.junit.runners.ParentRunner.runChildren(ParentRunner.java:191) [junit-dep-4.8.2.jar:na]
	at org.junit.runners.ParentRunner.access$000(ParentRunner.java:42) [junit-dep-4.8.2.jar:na]
	at org.junit.runners.ParentRunner$2.evaluate(ParentRunner.java:184) [junit-dep-4.8.2.jar:na]
	at org.junit.internal.runners.statements.RunBefores.evaluate(RunBefores.java:28) [junit-dep-4.8.2.jar:na]
	at org.junit.internal.runners.statements.RunAfters.evaluate(RunAfters.java:31) [junit-dep-4.8.2.jar:na]
	at org.junit.runners.ParentRunner.run(ParentRunner.java:236) [junit-dep-4.8.2.jar:na]
	at org.junit.runners.Suite.runChild(Suite.java:128) [junit-dep-4.8.2.jar:na]
	at org.junit.runners.Suite.runChild(Suite.java:24) [junit-dep-4.8.2.jar:na]
	at org.junit.runners.ParentRunner$3.run(ParentRunner.java:193) [junit-dep-4.8.2.jar:na]
	at org.junit.runners.ParentRunner$1.schedule(ParentRunner.java:52) [junit-dep-4.8.2.jar:na]
	at org.junit.runners.ParentRunner.runChildren(ParentRunner.java:191) [junit-dep-4.8.2.jar:na]
	at org.junit.runners.ParentRunner.access$000(ParentRunner.java:42) [junit-dep-4.8.2.jar:na]
	at org.junit.runners.ParentRunner$2.evaluate(ParentRunner.java:184) [junit-dep-4.8.2.jar:na]
	at org.junit.runners.ParentRunner.run(ParentRunner.java:236) [junit-dep-4.8.2.jar:na]
	at org.junit.runner.JUnitCore.run(JUnitCore.java:157) [junit-dep-4.8.2.jar:na]
	at org.junit.runner.JUnitCore.run(JUnitCore.java:136) [junit-dep-4.8.2.jar:na]
	at org.junit.runner.JUnitCore.run(JUnitCore.java:127) [junit-dep-4.8.2.jar:na]
	at org.junit.runner.JUnitCore.runClasses(JUnitCore.java:76) [junit-dep-4.8.2.jar:na]
	at tests.TestSet.testAsSignedUser(TestSet.java:53) [test-classes/:na]
	at sun.reflect.NativeMethodAccessorImpl.invoke0(Native Method) ~[na:1.7.0]
	at sun.reflect.NativeMethodAccessorImpl.invoke(NativeMethodAccessorImpl.java:57) ~[na:1.7.0]
	at sun.reflect.DelegatingMethodAccessorImpl.invoke(DelegatingMethodAccessorImpl.java:43) ~[na:1.7.0]
	at java.lang.reflect.Method.invoke(Method.java:601) ~[na:1.7.0]
	at org.junit.runners.model.FrameworkMethod$1.runReflectiveCall(FrameworkMethod.java:44) [junit-dep-4.8.2.jar:na]
	at org.junit.internal.runners.model.ReflectiveCallable.run(ReflectiveCallable.java:15) [junit-dep-4.8.2.jar:na]
	at org.junit.runners.model.FrameworkMethod.invokeExplosively(FrameworkMethod.java:41) [junit-dep-4.8.2.jar:na]
	at org.junit.internal.runners.statements.InvokeMethod.evaluate(InvokeMethod.java:20) [junit-dep-4.8.2.jar:na]
	at org.junit.internal.runners.statements.RunBefores.evaluate(RunBefores.java:28) [junit-dep-4.8.2.jar:na]
	at org.junit.internal.runners.statements.RunAfters.evaluate(RunAfters.java:31) [junit-dep-4.8.2.jar:na]
	at org.junit.runners.BlockJUnit4ClassRunner.runNotIgnored(BlockJUnit4ClassRunner.java:79) [junit-dep-4.8.2.jar:na]
	at org.junit.runners.BlockJUnit4ClassRunner.runChild(BlockJUnit4ClassRunner.java:71) [junit-dep-4.8.2.jar:na]
	at org.junit.runners.BlockJUnit4ClassRunner.runChild(BlockJUnit4ClassRunner.java:49) [junit-dep-4.8.2.jar:na]
	at org.junit.runners.ParentRunner$3.run(ParentRunner.java:193) [junit-dep-4.8.2.jar:na]
	at org.junit.runners.ParentRunner$1.schedule(ParentRunner.java:52) [junit-dep-4.8.2.jar:na]
	at org.junit.runners.ParentRunner.runChildren(ParentRunner.java:191) [junit-dep-4.8.2.jar:na]
	at org.junit.runners.ParentRunner.access$000(ParentRunner.java:42) [junit-dep-4.8.2.jar:na]
	at org.junit.runners.ParentRunner$2.evaluate(ParentRunner.java:184) [junit-dep-4.8.2.jar:na]
	at org.junit.internal.runners.statements.RunBefores.evaluate(RunBefores.java:28) [junit-dep-4.8.2.jar:na]
	at org.junit.internal.runners.statements.RunAfters.evaluate(RunAfters.java:31) [junit-dep-4.8.2.jar:na]
	at org.junit.runners.ParentRunner.run(ParentRunner.java:236) [junit-dep-4.8.2.jar:na]
	at org.eclipse.jdt.internal.junit4.runner.JUnit4TestReference.run(JUnit4TestReference.java:50) [.cp/:na]
	at org.eclipse.jdt.internal.junit.runner.TestExecution.run(TestExecution.java:38) [.cp/:na]
	at org.eclipse.jdt.internal.junit.runner.RemoteTestRunner.runTests(RemoteTestRunner.java:467) [.cp/:na]
	at org.eclipse.jdt.internal.junit.runner.RemoteTestRunner.runTests(RemoteTestRunner.java:683) [.cp/:na]
	at org.eclipse.jdt.internal.junit.runner.RemoteTestRunner.run(RemoteTestRunner.java:390) [.cp/:na]
	at org.eclipse.jdt.internal.junit.runner.RemoteTestRunner.main(RemoteTestRunner.java:197) [.cp/:na]
org.openqa.selenium.remote.ErrorHandler$UnknownServerException: Unable to locate element: {"method":"css selector","selector":".quick-connect .span12.list-horizontal.applications-list li:nth-child(11) div.list-button.clearfix a"}
Build info: version: '2.33.0', revision: '4ecaf82108b2a6cc6f006aae81961236eba93358', time: '2013-05-22 12:00:17'
System info: os.name: 'Windows 7', os.arch: 'amd64', os.version: '6.1', java.version: '1.7.0'
Driver info: driver.version: unknown
	at <anonymous class>.FirefoxDriver.prototype.findElementInternal_(file:///C:/Users/XIAOXU~1/AppData/Local/Temp/anonymous3907909854290683823webdriver-profile/extensions/fxdriver@googlecode.com/components/driver_component.js:8444) ~[na:na]
	at <anonymous class>.FirefoxDriver.prototype.findElement(file:///C:/Users/XIAOXU~1/AppData/Local/Temp/anonymous3907909854290683823webdriver-profile/extensions/fxdriver@googlecode.com/components/driver_component.js:8453) ~[na:na]
	at <anonymous class>.DelayedCommand.prototype.executeInternal_/h(file:///C:/Users/XIAOXU~1/AppData/Local/Temp/anonymous3907909854290683823webdriver-profile/extensions/fxdriver@googlecode.com/components/command_processor.js:10456) ~[na:na]
	at <anonymous class>.DelayedCommand.prototype.executeInternal_(file:///C:/Users/XIAOXU~1/AppData/Local/Temp/anonymous3907909854290683823webdriver-profile/extensions/fxdriver@googlecode.com/components/command_processor.js:10461) ~[na:na]
	at <anonymous class>.DelayedCommand.prototype.execute/<(file:///C:/Users/XIAOXU~1/AppData/Local/Temp/anonymous3907909854290683823webdriver-profile/extensions/fxdriver@googlecode.com/components/command_processor.js:10401) ~[na:na]
2013-11-21 10:14:49 -$153$CheckJigsaw: failed
2013-11-21 10:14:49 -test case failed :
org.openqa.selenium.NoSuchElementException: Unable to locate element: {"method":"css selector","selector":".quick-connect .span12.list-horizontal.applications-list li:nth-child(11) div.list-button.clearfix a"}
Command duration or timeout: 17 milliseconds
For documentation on this error, please visit: http://seleniumhq.org/exceptions/no_such_element.html
Build info: version: '2.33.0', revision: '4ecaf82108b2a6cc6f006aae81961236eba93358', time: '2013-05-22 12:00:17'
System info: os.name: 'Windows 7', os.arch: 'amd64', os.version: '6.1', java.version: '1.7.0'
Session ID: 33aa5827-777f-4d1f-934f-333d83523719
Driver info: org.openqa.selenium.firefox.FirefoxDriver
Capabilities [{platform=XP, acceptSslCerts=true, javascriptEnabled=true, browserName=firefox, rotatable=false, locationContextEnabled=true, version=25.0.1, cssSelectorsEnabled=true, databaseEnabled=true, handlesAlerts=true, browserConnectionEnabled=true, nativeEvents=true, webStorageEnabled=true, applicationCacheEnabled=true, takesScreenshot=true}]
	at sun.reflect.GeneratedConstructorAccessor13.newInstance(Unknown Source) ~[na:na]
	at sun.reflect.DelegatingConstructorAccessorImpl.newInstance(DelegatingConstructorAccessorImpl.java:45) ~[na:1.7.0]
	at java.lang.reflect.Constructor.newInstance(Constructor.java:525) ~[na:1.7.0]
	at org.openqa.selenium.remote.ErrorHandler.createThrowable(ErrorHandler.java:191) ~[selenium-remote-driver-2.33.0.jar:na]
	at org.openqa.selenium.remote.ErrorHandler.throwIfResponseFailed(ErrorHandler.java:145) ~[selenium-remote-driver-2.33.0.jar:na]
	at org.openqa.selenium.remote.RemoteWebDriver.execute(RemoteWebDriver.java:554) ~[selenium-remote-driver-2.33.0.jar:na]
	at org.openqa.selenium.remote.RemoteWebDriver.findElement(RemoteWebDriver.java:307) ~[selenium-remote-driver-2.33.0.jar:na]
	at org.openqa.selenium.remote.RemoteWebDriver.findElementByCssSelector(RemoteWebDriver.java:396) ~[selenium-remote-driver-2.33.0.jar:na]
	at org.openqa.selenium.By$ByCssSelector.findElement(By.java:406) ~[selenium-api-2.33.0.jar:na]
	at org.openqa.selenium.remote.RemoteWebDriver.findElement(RemoteWebDriver.java:299) ~[selenium-remote-driver-2.33.0.jar:na]
	at org.openqa.selenium.support.pagefactory.DefaultElementLocator.findElement(DefaultElementLocator.java:59) ~[selenium-support-2.33.0.jar:na]
	at org.openqa.selenium.support.pagefactory.internal.LocatingElementHandler.invoke(LocatingElementHandler.java:34) ~[selenium-support-2.33.0.jar:na]
	at $Proxy11.click(Unknown Source) ~[na:na]
	at ui.integrate.IntegratePage.clickJigsawLMBtn(IntegratePage.java:112) ~[test-classes/:na]
	at ui.integrate.ValidateIntegratePageAsGuest.$153$CheckJigsaw(ValidateIntegratePageAsGuest.java:108) ~[test-classes/:na]
	at sun.reflect.NativeMethodAccessorImpl.invoke0(Native Method) ~[na:1.7.0]
	at sun.reflect.NativeMethodAccessorImpl.invoke(NativeMethodAccessorImpl.java:57) ~[na:1.7.0]
	at sun.reflect.DelegatingMethodAccessorImpl.invoke(DelegatingMethodAccessorImpl.java:43) ~[na:1.7.0]
	at java.lang.reflect.Method.invoke(Method.java:601) ~[na:1.7.0]
	at org.junit.runners.model.FrameworkMethod$1.runReflectiveCall(FrameworkMethod.java:44) [junit-dep-4.8.2.jar:na]
	at org.junit.internal.runners.model.ReflectiveCallable.run(ReflectiveCallable.java:15) [junit-dep-4.8.2.jar:na]
	at org.junit.runners.model.FrameworkMethod.invokeExplosively(FrameworkMethod.java:41) [junit-dep-4.8.2.jar:na]
	at org.junit.internal.runners.statements.InvokeMethod.evaluate(InvokeMethod.java:20) [junit-dep-4.8.2.jar:na]
	at org.junit.internal.runners.statements.RunBefores.evaluate(RunBefores.java:28) [junit-dep-4.8.2.jar:na]
	at org.junit.internal.runners.statements.RunAfters.evaluate(RunAfters.java:31) [junit-dep-4.8.2.jar:na]
	at util.TestWatcheRule$1.evaluate(TestWatcheRule.java:55) ~[test-classes/:na]
	at org.junit.runners.BlockJUnit4ClassRunner.runNotIgnored(BlockJUnit4ClassRunner.java:79) [junit-dep-4.8.2.jar:na]
	at org.junit.runners.BlockJUnit4ClassRunner.runChild(BlockJUnit4ClassRunner.java:71) [junit-dep-4.8.2.jar:na]
	at org.junit.runners.BlockJUnit4ClassRunner.runChild(BlockJUnit4ClassRunner.java:49) [junit-dep-4.8.2.jar:na]
	at org.junit.runners.ParentRunner$3.run(ParentRunner.java:193) [junit-dep-4.8.2.jar:na]
	at org.junit.runners.ParentRunner$1.schedule(ParentRunner.java:52) [junit-dep-4.8.2.jar:na]
	at org.junit.runners.ParentRunner.runChildren(ParentRunner.java:191) [junit-dep-4.8.2.jar:na]
	at org.junit.runners.ParentRunner.access$000(ParentRunner.java:42) [junit-dep-4.8.2.jar:na]
	at org.junit.runners.ParentRunner$2.evaluate(ParentRunner.java:184) [junit-dep-4.8.2.jar:na]
	at org.junit.internal.runners.statements.RunAfters.evaluate(RunAfters.java:31) [junit-dep-4.8.2.jar:na]
	at org.junit.runners.ParentRunner.run(ParentRunner.java:236) [junit-dep-4.8.2.jar:na]
	at org.junit.runners.Suite.runChild(Suite.java:128) [junit-dep-4.8.2.jar:na]
	at org.junit.runners.Suite.runChild(Suite.java:24) [junit-dep-4.8.2.jar:na]
	at org.junit.runners.ParentRunner$3.run(ParentRunner.java:193) [junit-dep-4.8.2.jar:na]
	at org.junit.runners.ParentRunner$1.schedule(ParentRunner.java:52) [junit-dep-4.8.2.jar:na]
	at org.junit.runners.ParentRunner.runChildren(ParentRunner.java:191) [junit-dep-4.8.2.jar:na]
	at org.junit.runners.ParentRunner.access$000(ParentRunner.java:42) [junit-dep-4.8.2.jar:na]
	at org.junit.runners.ParentRunner$2.evaluate(ParentRunner.java:184) [junit-dep-4.8.2.jar:na]
	at org.junit.runners.ParentRunner.run(ParentRunner.java:236) [junit-dep-4.8.2.jar:na]
	at org.junit.runner.JUnitCore.run(JUnitCore.java:157) [junit-dep-4.8.2.jar:na]
	at org.junit.runner.JUnitCore.run(JUnitCore.java:136) [junit-dep-4.8.2.jar:na]
	at org.junit.runner.JUnitCore.run(JUnitCore.java:127) [junit-dep-4.8.2.jar:na]
	at org.junit.runner.JUnitCore.runClasses(JUnitCore.java:76) [junit-dep-4.8.2.jar:na]
	at tests.TestSet.testAsSignedUser(TestSet.java:53) [test-classes/:na]
	at sun.reflect.NativeMethodAccessorImpl.invoke0(Native Method) ~[na:1.7.0]
	at sun.reflect.NativeMethodAccessorImpl.invoke(NativeMethodAccessorImpl.java:57) ~[na:1.7.0]
	at sun.reflect.DelegatingMethodAccessorImpl.invoke(DelegatingMethodAccessorImpl.java:43) ~[na:1.7.0]
	at java.lang.reflect.Method.invoke(Method.java:601) ~[na:1.7.0]
	at org.junit.runners.model.FrameworkMethod$1.runReflectiveCall(FrameworkMethod.java:44) [junit-dep-4.8.2.jar:na]
	at org.junit.internal.runners.model.ReflectiveCallable.run(ReflectiveCallable.java:15) [junit-dep-4.8.2.jar:na]
	at org.junit.runners.model.FrameworkMethod.invokeExplosively(FrameworkMethod.java:41) [junit-dep-4.8.2.jar:na]
	at org.junit.internal.runners.statements.InvokeMethod.evaluate(InvokeMethod.java:20) [junit-dep-4.8.2.jar:na]
	at org.junit.internal.runners.statements.RunBefores.evaluate(RunBefores.java:28) [junit-dep-4.8.2.jar:na]
	at org.junit.internal.runners.statements.RunAfters.evaluate(RunAfters.java:31) [junit-dep-4.8.2.jar:na]
	at org.junit.runners.BlockJUnit4ClassRunner.runNotIgnored(BlockJUnit4ClassRunner.java:79) [junit-dep-4.8.2.jar:na]
	at org.junit.runners.BlockJUnit4ClassRunner.runChild(BlockJUnit4ClassRunner.java:71) [junit-dep-4.8.2.jar:na]
	at org.junit.runners.BlockJUnit4ClassRunner.runChild(BlockJUnit4ClassRunner.java:49) [junit-dep-4.8.2.jar:na]
	at org.junit.runners.ParentRunner$3.run(ParentRunner.java:193) [junit-dep-4.8.2.jar:na]
	at org.junit.runners.ParentRunner$1.schedule(ParentRunner.java:52) [junit-dep-4.8.2.jar:na]
	at org.junit.runners.ParentRunner.runChildren(ParentRunner.java:191) [junit-dep-4.8.2.jar:na]
	at org.junit.runners.ParentRunner.access$000(ParentRunner.java:42) [junit-dep-4.8.2.jar:na]
	at org.junit.runners.ParentRunner$2.evaluate(ParentRunner.java:184) [junit-dep-4.8.2.jar:na]
	at org.junit.internal.runners.statements.RunBefores.evaluate(RunBefores.java:28) [junit-dep-4.8.2.jar:na]
	at org.junit.internal.runners.statements.RunAfters.evaluate(RunAfters.java:31) [junit-dep-4.8.2.jar:na]
	at org.junit.runners.ParentRunner.run(ParentRunner.java:236) [junit-dep-4.8.2.jar:na]
	at org.eclipse.jdt.internal.junit4.runner.JUnit4TestReference.run(JUnit4TestReference.java:50) [.cp/:na]
	at org.eclipse.jdt.internal.junit.runner.TestExecution.run(TestExecution.java:38) [.cp/:na]
	at org.eclipse.jdt.internal.junit.runner.RemoteTestRunner.runTests(RemoteTestRunner.java:467) [.cp/:na]
	at org.eclipse.jdt.internal.junit.runner.RemoteTestRunner.runTests(RemoteTestRunner.java:683) [.cp/:na]
	at org.eclipse.jdt.internal.junit.runner.RemoteTestRunner.run(RemoteTestRunner.java:390) [.cp/:na]
	at org.eclipse.jdt.internal.junit.runner.RemoteTestRunner.main(RemoteTestRunner.java:197) [.cp/:na]
org.openqa.selenium.remote.ErrorHandler$UnknownServerException: Unable to locate element: {"method":"css selector","selector":".quick-connect .span12.list-horizontal.applications-list li:nth-child(11) div.list-button.clearfix a"}
Build info: version: '2.33.0', revision: '4ecaf82108b2a6cc6f006aae81961236eba93358', time: '2013-05-22 12:00:17'
System info: os.name: 'Windows 7', os.arch: 'amd64', os.version: '6.1', java.version: '1.7.0'
Driver info: driver.version: unknown
	at <anonymous class>.FirefoxDriver.prototype.findElementInternal_(file:///C:/Users/XIAOXU~1/AppData/Local/Temp/anonymous6626895682792792949webdriver-profile/extensions/fxdriver@googlecode.com/components/driver_component.js:8444) ~[na:na]
	at <anonymous class>.FirefoxDriver.prototype.findElement(file:///C:/Users/XIAOXU~1/AppData/Local/Temp/anonymous6626895682792792949webdriver-profile/extensions/fxdriver@googlecode.com/components/driver_component.js:8453) ~[na:na]
	at <anonymous class>.DelayedCommand.prototype.executeInternal_/h(file:///C:/Users/XIAOXU~1/AppData/Local/Temp/anonymous6626895682792792949webdriver-profile/extensions/fxdriver@googlecode.com/components/command_processor.js:10456) ~[na:na]
	at <anonymous class>.DelayedCommand.prototype.executeInternal_(file:///C:/Users/XIAOXU~1/AppData/Local/Temp/anonymous6626895682792792949webdriver-profile/extensions/fxdriver@googlecode.com/components/command_processor.js:10461) ~[na:na]
	at <anonymous class>.DelayedCommand.prototype.execute/<(file:///C:/Users/XIAOXU~1/AppData/Local/Temp/anonymous6626895682792792949webdriver-profile/extensions/fxdriver@googlecode.com/components/command_processor.js:10401) ~[na:na]
2013-11-21 10:14:50 -testAsSignedUser -> run count:63    run failure:4    ignore count:0
2013-11-21 10:33:39 -$44_1$OpenResetPwdLink: failed
2013-11-21 10:33:39 -test case failed :
java.lang.AssertionError: expected:<true> but was:<false>
	at org.junit.Assert.fail(Assert.java:91) ~[junit-dep-4.8.2.jar:na]
	at org.junit.Assert.failNotEquals(Assert.java:645) ~[junit-dep-4.8.2.jar:na]
	at org.junit.Assert.assertEquals(Assert.java:126) ~[junit-dep-4.8.2.jar:na]
	at org.junit.Assert.assertEquals(Assert.java:145) ~[junit-dep-4.8.2.jar:na]
	at ui.signIn.ValidateSignInDialogAsGuest.$44_1$OpenResetPwdLink(ValidateSignInDialogAsGuest.java:46) ~[test-classes/:na]
	at sun.reflect.NativeMethodAccessorImpl.invoke0(Native Method) ~[na:1.7.0]
	at sun.reflect.NativeMethodAccessorImpl.invoke(NativeMethodAccessorImpl.java:57) ~[na:1.7.0]
	at sun.reflect.DelegatingMethodAccessorImpl.invoke(DelegatingMethodAccessorImpl.java:43) ~[na:1.7.0]
	at java.lang.reflect.Method.invoke(Method.java:601) ~[na:1.7.0]
	at org.junit.runners.model.FrameworkMethod$1.runReflectiveCall(FrameworkMethod.java:44) [junit-dep-4.8.2.jar:na]
	at org.junit.internal.runners.model.ReflectiveCallable.run(ReflectiveCallable.java:15) [junit-dep-4.8.2.jar:na]
	at org.junit.runners.model.FrameworkMethod.invokeExplosively(FrameworkMethod.java:41) [junit-dep-4.8.2.jar:na]
	at org.junit.internal.runners.statements.InvokeMethod.evaluate(InvokeMethod.java:20) [junit-dep-4.8.2.jar:na]
	at org.junit.internal.runners.statements.RunBefores.evaluate(RunBefores.java:28) [junit-dep-4.8.2.jar:na]
	at org.junit.internal.runners.statements.RunAfters.evaluate(RunAfters.java:31) [junit-dep-4.8.2.jar:na]
	at util.TestWatcheRule$1.evaluate(TestWatcheRule.java:55) ~[test-classes/:na]
	at org.junit.runners.BlockJUnit4ClassRunner.runNotIgnored(BlockJUnit4ClassRunner.java:79) [junit-dep-4.8.2.jar:na]
	at org.junit.runners.BlockJUnit4ClassRunner.runChild(BlockJUnit4ClassRunner.java:71) [junit-dep-4.8.2.jar:na]
	at org.junit.runners.BlockJUnit4ClassRunner.runChild(BlockJUnit4ClassRunner.java:49) [junit-dep-4.8.2.jar:na]
	at org.junit.runners.ParentRunner$3.run(ParentRunner.java:193) [junit-dep-4.8.2.jar:na]
	at org.junit.runners.ParentRunner$1.schedule(ParentRunner.java:52) [junit-dep-4.8.2.jar:na]
	at org.junit.runners.ParentRunner.runChildren(ParentRunner.java:191) [junit-dep-4.8.2.jar:na]
	at org.junit.runners.ParentRunner.access$000(ParentRunner.java:42) [junit-dep-4.8.2.jar:na]
	at org.junit.runners.ParentRunner$2.evaluate(ParentRunner.java:184) [junit-dep-4.8.2.jar:na]
	at org.junit.internal.runners.statements.RunAfters.evaluate(RunAfters.java:31) [junit-dep-4.8.2.jar:na]
	at org.junit.runners.ParentRunner.run(ParentRunner.java:236) [junit-dep-4.8.2.jar:na]
	at org.junit.runners.Suite.runChild(Suite.java:128) [junit-dep-4.8.2.jar:na]
	at org.junit.runners.Suite.runChild(Suite.java:24) [junit-dep-4.8.2.jar:na]
	at org.junit.runners.ParentRunner$3.run(ParentRunner.java:193) [junit-dep-4.8.2.jar:na]
	at org.junit.runners.ParentRunner$1.schedule(ParentRunner.java:52) [junit-dep-4.8.2.jar:na]
	at org.junit.runners.ParentRunner.runChildren(ParentRunner.java:191) [junit-dep-4.8.2.jar:na]
	at org.junit.runners.ParentRunner.access$000(ParentRunner.java:42) [junit-dep-4.8.2.jar:na]
	at org.junit.runners.ParentRunner$2.evaluate(ParentRunner.java:184) [junit-dep-4.8.2.jar:na]
	at org.junit.runners.ParentRunner.run(ParentRunner.java:236) [junit-dep-4.8.2.jar:na]
	at org.junit.runner.JUnitCore.run(JUnitCore.java:157) [junit-dep-4.8.2.jar:na]
	at org.junit.runner.JUnitCore.run(JUnitCore.java:136) [junit-dep-4.8.2.jar:na]
	at org.junit.runner.JUnitCore.run(JUnitCore.java:127) [junit-dep-4.8.2.jar:na]
	at org.junit.runner.JUnitCore.runClasses(JUnitCore.java:76) [junit-dep-4.8.2.jar:na]
	at tests.TestSet.testAsGuest(TestSet.java:66) [test-classes/:na]
	at sun.reflect.NativeMethodAccessorImpl.invoke0(Native Method) ~[na:1.7.0]
	at sun.reflect.NativeMethodAccessorImpl.invoke(NativeMethodAccessorImpl.java:57) ~[na:1.7.0]
	at sun.reflect.DelegatingMethodAccessorImpl.invoke(DelegatingMethodAccessorImpl.java:43) ~[na:1.7.0]
	at java.lang.reflect.Method.invoke(Method.java:601) ~[na:1.7.0]
	at org.junit.runners.model.FrameworkMethod$1.runReflectiveCall(FrameworkMethod.java:44) [junit-dep-4.8.2.jar:na]
	at org.junit.internal.runners.model.ReflectiveCallable.run(ReflectiveCallable.java:15) [junit-dep-4.8.2.jar:na]
	at org.junit.runners.model.FrameworkMethod.invokeExplosively(FrameworkMethod.java:41) [junit-dep-4.8.2.jar:na]
	at org.junit.internal.runners.statements.InvokeMethod.evaluate(InvokeMethod.java:20) [junit-dep-4.8.2.jar:na]
	at org.junit.internal.runners.statements.RunBefores.evaluate(RunBefores.java:28) [junit-dep-4.8.2.jar:na]
	at org.junit.internal.runners.statements.RunAfters.evaluate(RunAfters.java:31) [junit-dep-4.8.2.jar:na]
	at org.junit.runners.BlockJUnit4ClassRunner.runNotIgnored(BlockJUnit4ClassRunner.java:79) [junit-dep-4.8.2.jar:na]
	at org.junit.runners.BlockJUnit4ClassRunner.runChild(BlockJUnit4ClassRunner.java:71) [junit-dep-4.8.2.jar:na]
	at org.junit.runners.BlockJUnit4ClassRunner.runChild(BlockJUnit4ClassRunner.java:49) [junit-dep-4.8.2.jar:na]
	at org.junit.runners.ParentRunner$3.run(ParentRunner.java:193) [junit-dep-4.8.2.jar:na]
	at org.junit.runners.ParentRunner$1.schedule(ParentRunner.java:52) [junit-dep-4.8.2.jar:na]
	at org.junit.runners.ParentRunner.runChildren(ParentRunner.java:191) [junit-dep-4.8.2.jar:na]
	at org.junit.runners.ParentRunner.access$000(ParentRunner.java:42) [junit-dep-4.8.2.jar:na]
	at org.junit.runners.ParentRunner$2.evaluate(ParentRunner.java:184) [junit-dep-4.8.2.jar:na]
	at org.junit.internal.runners.statements.RunBefores.evaluate(RunBefores.java:28) [junit-dep-4.8.2.jar:na]
	at org.junit.internal.runners.statements.RunAfters.evaluate(RunAfters.java:31) [junit-dep-4.8.2.jar:na]
	at org.junit.runners.ParentRunner.run(ParentRunner.java:236) [junit-dep-4.8.2.jar:na]
	at org.apache.maven.surefire.junit4.JUnit4Provider.execute(JUnit4Provider.java:264) [surefire-junit4-2.15.jar:2.15]
	at org.apache.maven.surefire.junit4.JUnit4Provider.executeTestSet(JUnit4Provider.java:153) [surefire-junit4-2.15.jar:2.15]
	at org.apache.maven.surefire.junit4.JUnit4Provider.invoke(JUnit4Provider.java:124) [surefire-junit4-2.15.jar:2.15]
	at org.apache.maven.surefire.booter.ForkedBooter.invokeProviderInSameClassLoader(ForkedBooter.java:200) [surefire-booter-2.15.jar:2.15]
	at org.apache.maven.surefire.booter.ForkedBooter.runSuitesInProcess(ForkedBooter.java:153) [surefire-booter-2.15.jar:2.15]
	at org.apache.maven.surefire.booter.ForkedBooter.main(ForkedBooter.java:103) [surefire-booter-2.15.jar:2.15]
2013-11-21 10:34:40 -$64_1$ClickContinue__3_3: failed
2013-11-21 10:34:40 -test case failed :
java.lang.AssertionError: 
	at org.junit.Assert.fail(Assert.java:91) ~[junit-dep-4.8.2.jar:na]
	at org.junit.Assert.assertTrue(Assert.java:43) ~[junit-dep-4.8.2.jar:na]
	at org.junit.Assert.assertTrue(Assert.java:54) ~[junit-dep-4.8.2.jar:na]
	at ui.register.ValidateRegisterDialogAsGuest.$64_1$ClickContinue__3_3(ValidateRegisterDialogAsGuest.java:81) ~[test-classes/:na]
	at sun.reflect.NativeMethodAccessorImpl.invoke0(Native Method) ~[na:1.7.0]
	at sun.reflect.NativeMethodAccessorImpl.invoke(NativeMethodAccessorImpl.java:57) ~[na:1.7.0]
	at sun.reflect.DelegatingMethodAccessorImpl.invoke(DelegatingMethodAccessorImpl.java:43) ~[na:1.7.0]
	at java.lang.reflect.Method.invoke(Method.java:601) ~[na:1.7.0]
	at org.junit.runners.model.FrameworkMethod$1.runReflectiveCall(FrameworkMethod.java:44) [junit-dep-4.8.2.jar:na]
	at org.junit.internal.runners.model.ReflectiveCallable.run(ReflectiveCallable.java:15) [junit-dep-4.8.2.jar:na]
	at org.junit.runners.model.FrameworkMethod.invokeExplosively(FrameworkMethod.java:41) [junit-dep-4.8.2.jar:na]
	at org.junit.internal.runners.statements.InvokeMethod.evaluate(InvokeMethod.java:20) [junit-dep-4.8.2.jar:na]
	at org.junit.internal.runners.statements.RunBefores.evaluate(RunBefores.java:28) [junit-dep-4.8.2.jar:na]
	at org.junit.internal.runners.statements.RunAfters.evaluate(RunAfters.java:31) [junit-dep-4.8.2.jar:na]
	at util.TestWatcheRule$1.evaluate(TestWatcheRule.java:55) ~[test-classes/:na]
	at org.junit.runners.BlockJUnit4ClassRunner.runNotIgnored(BlockJUnit4ClassRunner.java:79) [junit-dep-4.8.2.jar:na]
	at org.junit.runners.BlockJUnit4ClassRunner.runChild(BlockJUnit4ClassRunner.java:71) [junit-dep-4.8.2.jar:na]
	at org.junit.runners.BlockJUnit4ClassRunner.runChild(BlockJUnit4ClassRunner.java:49) [junit-dep-4.8.2.jar:na]
	at org.junit.runners.ParentRunner$3.run(ParentRunner.java:193) [junit-dep-4.8.2.jar:na]
	at org.junit.runners.ParentRunner$1.schedule(ParentRunner.java:52) [junit-dep-4.8.2.jar:na]
	at org.junit.runners.ParentRunner.runChildren(ParentRunner.java:191) [junit-dep-4.8.2.jar:na]
	at org.junit.runners.ParentRunner.access$000(ParentRunner.java:42) [junit-dep-4.8.2.jar:na]
	at org.junit.runners.ParentRunner$2.evaluate(ParentRunner.java:184) [junit-dep-4.8.2.jar:na]
	at org.junit.internal.runners.statements.RunAfters.evaluate(RunAfters.java:31) [junit-dep-4.8.2.jar:na]
	at org.junit.runners.ParentRunner.run(ParentRunner.java:236) [junit-dep-4.8.2.jar:na]
	at org.junit.runners.Suite.runChild(Suite.java:128) [junit-dep-4.8.2.jar:na]
	at org.junit.runners.Suite.runChild(Suite.java:24) [junit-dep-4.8.2.jar:na]
	at org.junit.runners.ParentRunner$3.run(ParentRunner.java:193) [junit-dep-4.8.2.jar:na]
	at org.junit.runners.ParentRunner$1.schedule(ParentRunner.java:52) [junit-dep-4.8.2.jar:na]
	at org.junit.runners.ParentRunner.runChildren(ParentRunner.java:191) [junit-dep-4.8.2.jar:na]
	at org.junit.runners.ParentRunner.access$000(ParentRunner.java:42) [junit-dep-4.8.2.jar:na]
	at org.junit.runners.ParentRunner$2.evaluate(ParentRunner.java:184) [junit-dep-4.8.2.jar:na]
	at org.junit.runners.ParentRunner.run(ParentRunner.java:236) [junit-dep-4.8.2.jar:na]
	at org.junit.runner.JUnitCore.run(JUnitCore.java:157) [junit-dep-4.8.2.jar:na]
	at org.junit.runner.JUnitCore.run(JUnitCore.java:136) [junit-dep-4.8.2.jar:na]
	at org.junit.runner.JUnitCore.run(JUnitCore.java:127) [junit-dep-4.8.2.jar:na]
	at org.junit.runner.JUnitCore.runClasses(JUnitCore.java:76) [junit-dep-4.8.2.jar:na]
	at tests.TestSet.testAsGuest(TestSet.java:66) [test-classes/:na]
	at sun.reflect.NativeMethodAccessorImpl.invoke0(Native Method) ~[na:1.7.0]
	at sun.reflect.NativeMethodAccessorImpl.invoke(NativeMethodAccessorImpl.java:57) ~[na:1.7.0]
	at sun.reflect.DelegatingMethodAccessorImpl.invoke(DelegatingMethodAccessorImpl.java:43) ~[na:1.7.0]
	at java.lang.reflect.Method.invoke(Method.java:601) ~[na:1.7.0]
	at org.junit.runners.model.FrameworkMethod$1.runReflectiveCall(FrameworkMethod.java:44) [junit-dep-4.8.2.jar:na]
	at org.junit.internal.runners.model.ReflectiveCallable.run(ReflectiveCallable.java:15) [junit-dep-4.8.2.jar:na]
	at org.junit.runners.model.FrameworkMethod.invokeExplosively(FrameworkMethod.java:41) [junit-dep-4.8.2.jar:na]
	at org.junit.internal.runners.statements.InvokeMethod.evaluate(InvokeMethod.java:20) [junit-dep-4.8.2.jar:na]
	at org.junit.internal.runners.statements.RunBefores.evaluate(RunBefores.java:28) [junit-dep-4.8.2.jar:na]
	at org.junit.internal.runners.statements.RunAfters.evaluate(RunAfters.java:31) [junit-dep-4.8.2.jar:na]
	at org.junit.runners.BlockJUnit4ClassRunner.runNotIgnored(BlockJUnit4ClassRunner.java:79) [junit-dep-4.8.2.jar:na]
	at org.junit.runners.BlockJUnit4ClassRunner.runChild(BlockJUnit4ClassRunner.java:71) [junit-dep-4.8.2.jar:na]
	at org.junit.runners.BlockJUnit4ClassRunner.runChild(BlockJUnit4ClassRunner.java:49) [junit-dep-4.8.2.jar:na]
	at org.junit.runners.ParentRunner$3.run(ParentRunner.java:193) [junit-dep-4.8.2.jar:na]
	at org.junit.runners.ParentRunner$1.schedule(ParentRunner.java:52) [junit-dep-4.8.2.jar:na]
	at org.junit.runners.ParentRunner.runChildren(ParentRunner.java:191) [junit-dep-4.8.2.jar:na]
	at org.junit.runners.ParentRunner.access$000(ParentRunner.java:42) [junit-dep-4.8.2.jar:na]
	at org.junit.runners.ParentRunner$2.evaluate(ParentRunner.java:184) [junit-dep-4.8.2.jar:na]
	at org.junit.internal.runners.statements.RunBefores.evaluate(RunBefores.java:28) [junit-dep-4.8.2.jar:na]
	at org.junit.internal.runners.statements.RunAfters.evaluate(RunAfters.java:31) [junit-dep-4.8.2.jar:na]
	at org.junit.runners.ParentRunner.run(ParentRunner.java:236) [junit-dep-4.8.2.jar:na]
	at org.apache.maven.surefire.junit4.JUnit4Provider.execute(JUnit4Provider.java:264) [surefire-junit4-2.15.jar:2.15]
	at org.apache.maven.surefire.junit4.JUnit4Provider.executeTestSet(JUnit4Provider.java:153) [surefire-junit4-2.15.jar:2.15]
	at org.apache.maven.surefire.junit4.JUnit4Provider.invoke(JUnit4Provider.java:124) [surefire-junit4-2.15.jar:2.15]
	at org.apache.maven.surefire.booter.ForkedBooter.invokeProviderInSameClassLoader(ForkedBooter.java:200) [surefire-booter-2.15.jar:2.15]
	at org.apache.maven.surefire.booter.ForkedBooter.runSuitesInProcess(ForkedBooter.java:153) [surefire-booter-2.15.jar:2.15]
	at org.apache.maven.surefire.booter.ForkedBooter.main(ForkedBooter.java:103) [surefire-booter-2.15.jar:2.15]
2013-11-21 10:43:14 -testAsGuest ->run count:23    run failure:2    ignore count:0
2013-11-21 10:46:01 -$122$CheckJigsaw: failed
2013-11-21 10:46:01 -test case failed :
org.openqa.selenium.NoSuchElementException: Unable to locate element: {"method":"css selector","selector":".quick-connect .span12.list-horizontal.applications-list li:nth-child(11) div.list-button.clearfix a"}
Command duration or timeout: 26 milliseconds
For documentation on this error, please visit: http://seleniumhq.org/exceptions/no_such_element.html
Build info: version: '2.33.0', revision: '4ecaf82108b2a6cc6f006aae81961236eba93358', time: '2013-05-22 12:00:17'
System info: os.name: 'Windows 7', os.arch: 'amd64', os.version: '6.1', java.version: '1.7.0'
Session ID: 4702bb8e-defb-4f5c-a578-4ac7e9ea0d8d
Driver info: org.openqa.selenium.firefox.FirefoxDriver
Capabilities [{platform=XP, acceptSslCerts=true, javascriptEnabled=true, browserName=firefox, rotatable=false, locationContextEnabled=true, version=25.0.1, cssSelectorsEnabled=true, databaseEnabled=true, handlesAlerts=true, browserConnectionEnabled=true, nativeEvents=true, webStorageEnabled=true, applicationCacheEnabled=true, takesScreenshot=true}]
	at sun.reflect.GeneratedConstructorAccessor13.newInstance(Unknown Source) ~[na:na]
	at sun.reflect.DelegatingConstructorAccessorImpl.newInstance(DelegatingConstructorAccessorImpl.java:45) ~[na:1.7.0]
	at java.lang.reflect.Constructor.newInstance(Constructor.java:525) ~[na:1.7.0]
	at org.openqa.selenium.remote.ErrorHandler.createThrowable(ErrorHandler.java:191) ~[selenium-remote-driver-2.33.0.jar:na]
	at org.openqa.selenium.remote.ErrorHandler.throwIfResponseFailed(ErrorHandler.java:145) ~[selenium-remote-driver-2.33.0.jar:na]
	at org.openqa.selenium.remote.RemoteWebDriver.execute(RemoteWebDriver.java:554) ~[selenium-remote-driver-2.33.0.jar:na]
	at org.openqa.selenium.remote.RemoteWebDriver.findElement(RemoteWebDriver.java:307) ~[selenium-remote-driver-2.33.0.jar:na]
	at org.openqa.selenium.remote.RemoteWebDriver.findElementByCssSelector(RemoteWebDriver.java:396) ~[selenium-remote-driver-2.33.0.jar:na]
	at org.openqa.selenium.By$ByCssSelector.findElement(By.java:406) ~[selenium-api-2.33.0.jar:na]
	at org.openqa.selenium.remote.RemoteWebDriver.findElement(RemoteWebDriver.java:299) ~[selenium-remote-driver-2.33.0.jar:na]
	at org.openqa.selenium.support.pagefactory.DefaultElementLocator.findElement(DefaultElementLocator.java:59) ~[selenium-support-2.33.0.jar:na]
	at org.openqa.selenium.support.pagefactory.internal.LocatingElementHandler.invoke(LocatingElementHandler.java:34) ~[selenium-support-2.33.0.jar:na]
	at $Proxy11.click(Unknown Source) ~[na:na]
	at ui.integrate.IntegratePage.clickJigsawLMBtn(IntegratePage.java:112) ~[test-classes/:na]
	at ui.integrate.ValidateIntegratePageAsSignedUser.$122$CheckJigsaw(ValidateIntegratePageAsSignedUser.java:169) ~[test-classes/:na]
	at sun.reflect.NativeMethodAccessorImpl.invoke0(Native Method) ~[na:1.7.0]
	at sun.reflect.NativeMethodAccessorImpl.invoke(NativeMethodAccessorImpl.java:57) ~[na:1.7.0]
	at sun.reflect.DelegatingMethodAccessorImpl.invoke(DelegatingMethodAccessorImpl.java:43) ~[na:1.7.0]
	at java.lang.reflect.Method.invoke(Method.java:601) ~[na:1.7.0]
	at org.junit.runners.model.FrameworkMethod$1.runReflectiveCall(FrameworkMethod.java:44) [junit-dep-4.8.2.jar:na]
	at org.junit.internal.runners.model.ReflectiveCallable.run(ReflectiveCallable.java:15) [junit-dep-4.8.2.jar:na]
	at org.junit.runners.model.FrameworkMethod.invokeExplosively(FrameworkMethod.java:41) [junit-dep-4.8.2.jar:na]
	at org.junit.internal.runners.statements.InvokeMethod.evaluate(InvokeMethod.java:20) [junit-dep-4.8.2.jar:na]
	at org.junit.internal.runners.statements.RunBefores.evaluate(RunBefores.java:28) [junit-dep-4.8.2.jar:na]
	at org.junit.internal.runners.statements.RunAfters.evaluate(RunAfters.java:31) [junit-dep-4.8.2.jar:na]
	at util.TestWatcheRule$1.evaluate(TestWatcheRule.java:55) ~[test-classes/:na]
	at org.junit.runners.BlockJUnit4ClassRunner.runNotIgnored(BlockJUnit4ClassRunner.java:79) [junit-dep-4.8.2.jar:na]
	at org.junit.runners.BlockJUnit4ClassRunner.runChild(BlockJUnit4ClassRunner.java:71) [junit-dep-4.8.2.jar:na]
	at org.junit.runners.BlockJUnit4ClassRunner.runChild(BlockJUnit4ClassRunner.java:49) [junit-dep-4.8.2.jar:na]
	at org.junit.runners.ParentRunner$3.run(ParentRunner.java:193) [junit-dep-4.8.2.jar:na]
	at org.junit.runners.ParentRunner$1.schedule(ParentRunner.java:52) [junit-dep-4.8.2.jar:na]
	at org.junit.runners.ParentRunner.runChildren(ParentRunner.java:191) [junit-dep-4.8.2.jar:na]
	at org.junit.runners.ParentRunner.access$000(ParentRunner.java:42) [junit-dep-4.8.2.jar:na]
	at org.junit.runners.ParentRunner$2.evaluate(ParentRunner.java:184) [junit-dep-4.8.2.jar:na]
	at org.junit.internal.runners.statements.RunBefores.evaluate(RunBefores.java:28) [junit-dep-4.8.2.jar:na]
	at org.junit.internal.runners.statements.RunAfters.evaluate(RunAfters.java:31) [junit-dep-4.8.2.jar:na]
	at org.junit.runners.ParentRunner.run(ParentRunner.java:236) [junit-dep-4.8.2.jar:na]
	at org.junit.runners.Suite.runChild(Suite.java:128) [junit-dep-4.8.2.jar:na]
	at org.junit.runners.Suite.runChild(Suite.java:24) [junit-dep-4.8.2.jar:na]
	at org.junit.runners.ParentRunner$3.run(ParentRunner.java:193) [junit-dep-4.8.2.jar:na]
	at org.junit.runners.ParentRunner$1.schedule(ParentRunner.java:52) [junit-dep-4.8.2.jar:na]
	at org.junit.runners.ParentRunner.runChildren(ParentRunner.java:191) [junit-dep-4.8.2.jar:na]
	at org.junit.runners.ParentRunner.access$000(ParentRunner.java:42) [junit-dep-4.8.2.jar:na]
	at org.junit.runners.ParentRunner$2.evaluate(ParentRunner.java:184) [junit-dep-4.8.2.jar:na]
	at org.junit.runners.ParentRunner.run(ParentRunner.java:236) [junit-dep-4.8.2.jar:na]
	at org.junit.runner.JUnitCore.run(JUnitCore.java:157) [junit-dep-4.8.2.jar:na]
	at org.junit.runner.JUnitCore.run(JUnitCore.java:136) [junit-dep-4.8.2.jar:na]
	at org.junit.runner.JUnitCore.run(JUnitCore.java:127) [junit-dep-4.8.2.jar:na]
	at org.junit.runner.JUnitCore.runClasses(JUnitCore.java:76) [junit-dep-4.8.2.jar:na]
	at tests.TestSet.testAsSignedUser(TestSet.java:53) [test-classes/:na]
	at sun.reflect.NativeMethodAccessorImpl.invoke0(Native Method) ~[na:1.7.0]
	at sun.reflect.NativeMethodAccessorImpl.invoke(NativeMethodAccessorImpl.java:57) ~[na:1.7.0]
	at sun.reflect.DelegatingMethodAccessorImpl.invoke(DelegatingMethodAccessorImpl.java:43) ~[na:1.7.0]
	at java.lang.reflect.Method.invoke(Method.java:601) ~[na:1.7.0]
	at org.junit.runners.model.FrameworkMethod$1.runReflectiveCall(FrameworkMethod.java:44) [junit-dep-4.8.2.jar:na]
	at org.junit.internal.runners.model.ReflectiveCallable.run(ReflectiveCallable.java:15) [junit-dep-4.8.2.jar:na]
	at org.junit.runners.model.FrameworkMethod.invokeExplosively(FrameworkMethod.java:41) [junit-dep-4.8.2.jar:na]
	at org.junit.internal.runners.statements.InvokeMethod.evaluate(InvokeMethod.java:20) [junit-dep-4.8.2.jar:na]
	at org.junit.internal.runners.statements.RunBefores.evaluate(RunBefores.java:28) [junit-dep-4.8.2.jar:na]
	at org.junit.internal.runners.statements.RunAfters.evaluate(RunAfters.java:31) [junit-dep-4.8.2.jar:na]
	at org.junit.runners.BlockJUnit4ClassRunner.runNotIgnored(BlockJUnit4ClassRunner.java:79) [junit-dep-4.8.2.jar:na]
	at org.junit.runners.BlockJUnit4ClassRunner.runChild(BlockJUnit4ClassRunner.java:71) [junit-dep-4.8.2.jar:na]
	at org.junit.runners.BlockJUnit4ClassRunner.runChild(BlockJUnit4ClassRunner.java:49) [junit-dep-4.8.2.jar:na]
	at org.junit.runners.ParentRunner$3.run(ParentRunner.java:193) [junit-dep-4.8.2.jar:na]
	at org.junit.runners.ParentRunner$1.schedule(ParentRunner.java:52) [junit-dep-4.8.2.jar:na]
	at org.junit.runners.ParentRunner.runChildren(ParentRunner.java:191) [junit-dep-4.8.2.jar:na]
	at org.junit.runners.ParentRunner.access$000(ParentRunner.java:42) [junit-dep-4.8.2.jar:na]
	at org.junit.runners.ParentRunner$2.evaluate(ParentRunner.java:184) [junit-dep-4.8.2.jar:na]
	at org.junit.internal.runners.statements.RunBefores.evaluate(RunBefores.java:28) [junit-dep-4.8.2.jar:na]
	at org.junit.internal.runners.statements.RunAfters.evaluate(RunAfters.java:31) [junit-dep-4.8.2.jar:na]
	at org.junit.runners.ParentRunner.run(ParentRunner.java:236) [junit-dep-4.8.2.jar:na]
	at org.apache.maven.surefire.junit4.JUnit4Provider.execute(JUnit4Provider.java:264) [surefire-junit4-2.15.jar:2.15]
	at org.apache.maven.surefire.junit4.JUnit4Provider.executeTestSet(JUnit4Provider.java:153) [surefire-junit4-2.15.jar:2.15]
	at org.apache.maven.surefire.junit4.JUnit4Provider.invoke(JUnit4Provider.java:124) [surefire-junit4-2.15.jar:2.15]
	at org.apache.maven.surefire.booter.ForkedBooter.invokeProviderInSameClassLoader(ForkedBooter.java:200) [surefire-booter-2.15.jar:2.15]
	at org.apache.maven.surefire.booter.ForkedBooter.runSuitesInProcess(ForkedBooter.java:153) [surefire-booter-2.15.jar:2.15]
	at org.apache.maven.surefire.booter.ForkedBooter.main(ForkedBooter.java:103) [surefire-booter-2.15.jar:2.15]
org.openqa.selenium.remote.ErrorHandler$UnknownServerException: Unable to locate element: {"method":"css selector","selector":".quick-connect .span12.list-horizontal.applications-list li:nth-child(11) div.list-button.clearfix a"}
Build info: version: '2.33.0', revision: '4ecaf82108b2a6cc6f006aae81961236eba93358', time: '2013-05-22 12:00:17'
System info: os.name: 'Windows 7', os.arch: 'amd64', os.version: '6.1', java.version: '1.7.0'
Driver info: driver.version: unknown
	at <anonymous class>.FirefoxDriver.prototype.findElementInternal_(file:///C:/Users/XIAOXU~1/AppData/Local/Temp/anonymous1049136805877254968webdriver-profile/extensions/fxdriver@googlecode.com/components/driver_component.js:8444) ~[na:na]
	at <anonymous class>.FirefoxDriver.prototype.findElement(file:///C:/Users/XIAOXU~1/AppData/Local/Temp/anonymous1049136805877254968webdriver-profile/extensions/fxdriver@googlecode.com/components/driver_component.js:8453) ~[na:na]
	at <anonymous class>.DelayedCommand.prototype.executeInternal_/h(file:///C:/Users/XIAOXU~1/AppData/Local/Temp/anonymous1049136805877254968webdriver-profile/extensions/fxdriver@googlecode.com/components/command_processor.js:10456) ~[na:na]
	at <anonymous class>.DelayedCommand.prototype.executeInternal_(file:///C:/Users/XIAOXU~1/AppData/Local/Temp/anonymous1049136805877254968webdriver-profile/extensions/fxdriver@googlecode.com/components/command_processor.js:10461) ~[na:na]
	at <anonymous class>.DelayedCommand.prototype.execute/<(file:///C:/Users/XIAOXU~1/AppData/Local/Temp/anonymous1049136805877254968webdriver-profile/extensions/fxdriver@googlecode.com/components/command_processor.js:10401) ~[na:na]
2013-11-21 10:54:09 -$153$CheckJigsaw: failed
2013-11-21 10:54:09 -test case failed :
org.openqa.selenium.NoSuchElementException: Unable to locate element: {"method":"css selector","selector":".quick-connect .span12.list-horizontal.applications-list li:nth-child(11) div.list-button.clearfix a"}
Command duration or timeout: 14 milliseconds
For documentation on this error, please visit: http://seleniumhq.org/exceptions/no_such_element.html
Build info: version: '2.33.0', revision: '4ecaf82108b2a6cc6f006aae81961236eba93358', time: '2013-05-22 12:00:17'
System info: os.name: 'Windows 7', os.arch: 'amd64', os.version: '6.1', java.version: '1.7.0'
Session ID: fab7f5fe-cd96-4057-b8fb-ce0a68dd0fdb
Driver info: org.openqa.selenium.firefox.FirefoxDriver
Capabilities [{platform=XP, acceptSslCerts=true, javascriptEnabled=true, browserName=firefox, rotatable=false, locationContextEnabled=true, version=25.0.1, cssSelectorsEnabled=true, databaseEnabled=true, handlesAlerts=true, browserConnectionEnabled=true, nativeEvents=true, webStorageEnabled=true, applicationCacheEnabled=true, takesScreenshot=true}]
	at sun.reflect.GeneratedConstructorAccessor13.newInstance(Unknown Source) ~[na:na]
	at sun.reflect.DelegatingConstructorAccessorImpl.newInstance(DelegatingConstructorAccessorImpl.java:45) ~[na:1.7.0]
	at java.lang.reflect.Constructor.newInstance(Constructor.java:525) ~[na:1.7.0]
	at org.openqa.selenium.remote.ErrorHandler.createThrowable(ErrorHandler.java:191) ~[selenium-remote-driver-2.33.0.jar:na]
	at org.openqa.selenium.remote.ErrorHandler.throwIfResponseFailed(ErrorHandler.java:145) ~[selenium-remote-driver-2.33.0.jar:na]
	at org.openqa.selenium.remote.RemoteWebDriver.execute(RemoteWebDriver.java:554) ~[selenium-remote-driver-2.33.0.jar:na]
	at org.openqa.selenium.remote.RemoteWebDriver.findElement(RemoteWebDriver.java:307) ~[selenium-remote-driver-2.33.0.jar:na]
	at org.openqa.selenium.remote.RemoteWebDriver.findElementByCssSelector(RemoteWebDriver.java:396) ~[selenium-remote-driver-2.33.0.jar:na]
	at org.openqa.selenium.By$ByCssSelector.findElement(By.java:406) ~[selenium-api-2.33.0.jar:na]
	at org.openqa.selenium.remote.RemoteWebDriver.findElement(RemoteWebDriver.java:299) ~[selenium-remote-driver-2.33.0.jar:na]
	at org.openqa.selenium.support.pagefactory.DefaultElementLocator.findElement(DefaultElementLocator.java:59) ~[selenium-support-2.33.0.jar:na]
	at org.openqa.selenium.support.pagefactory.internal.LocatingElementHandler.invoke(LocatingElementHandler.java:34) ~[selenium-support-2.33.0.jar:na]
	at $Proxy11.click(Unknown Source) ~[na:na]
	at ui.integrate.IntegratePage.clickJigsawLMBtn(IntegratePage.java:112) ~[test-classes/:na]
	at ui.integrate.ValidateIntegratePageAsGuest.$153$CheckJigsaw(ValidateIntegratePageAsGuest.java:108) ~[test-classes/:na]
	at sun.reflect.NativeMethodAccessorImpl.invoke0(Native Method) ~[na:1.7.0]
	at sun.reflect.NativeMethodAccessorImpl.invoke(NativeMethodAccessorImpl.java:57) ~[na:1.7.0]
	at sun.reflect.DelegatingMethodAccessorImpl.invoke(DelegatingMethodAccessorImpl.java:43) ~[na:1.7.0]
	at java.lang.reflect.Method.invoke(Method.java:601) ~[na:1.7.0]
	at org.junit.runners.model.FrameworkMethod$1.runReflectiveCall(FrameworkMethod.java:44) [junit-dep-4.8.2.jar:na]
	at org.junit.internal.runners.model.ReflectiveCallable.run(ReflectiveCallable.java:15) [junit-dep-4.8.2.jar:na]
	at org.junit.runners.model.FrameworkMethod.invokeExplosively(FrameworkMethod.java:41) [junit-dep-4.8.2.jar:na]
	at org.junit.internal.runners.statements.InvokeMethod.evaluate(InvokeMethod.java:20) [junit-dep-4.8.2.jar:na]
	at org.junit.internal.runners.statements.RunBefores.evaluate(RunBefores.java:28) [junit-dep-4.8.2.jar:na]
	at org.junit.internal.runners.statements.RunAfters.evaluate(RunAfters.java:31) [junit-dep-4.8.2.jar:na]
	at util.TestWatcheRule$1.evaluate(TestWatcheRule.java:55) ~[test-classes/:na]
	at org.junit.runners.BlockJUnit4ClassRunner.runNotIgnored(BlockJUnit4ClassRunner.java:79) [junit-dep-4.8.2.jar:na]
	at org.junit.runners.BlockJUnit4ClassRunner.runChild(BlockJUnit4ClassRunner.java:71) [junit-dep-4.8.2.jar:na]
	at org.junit.runners.BlockJUnit4ClassRunner.runChild(BlockJUnit4ClassRunner.java:49) [junit-dep-4.8.2.jar:na]
	at org.junit.runners.ParentRunner$3.run(ParentRunner.java:193) [junit-dep-4.8.2.jar:na]
	at org.junit.runners.ParentRunner$1.schedule(ParentRunner.java:52) [junit-dep-4.8.2.jar:na]
	at org.junit.runners.ParentRunner.runChildren(ParentRunner.java:191) [junit-dep-4.8.2.jar:na]
	at org.junit.runners.ParentRunner.access$000(ParentRunner.java:42) [junit-dep-4.8.2.jar:na]
	at org.junit.runners.ParentRunner$2.evaluate(ParentRunner.java:184) [junit-dep-4.8.2.jar:na]
	at org.junit.internal.runners.statements.RunAfters.evaluate(RunAfters.java:31) [junit-dep-4.8.2.jar:na]
	at org.junit.runners.ParentRunner.run(ParentRunner.java:236) [junit-dep-4.8.2.jar:na]
	at org.junit.runners.Suite.runChild(Suite.java:128) [junit-dep-4.8.2.jar:na]
	at org.junit.runners.Suite.runChild(Suite.java:24) [junit-dep-4.8.2.jar:na]
	at org.junit.runners.ParentRunner$3.run(ParentRunner.java:193) [junit-dep-4.8.2.jar:na]
	at org.junit.runners.ParentRunner$1.schedule(ParentRunner.java:52) [junit-dep-4.8.2.jar:na]
	at org.junit.runners.ParentRunner.runChildren(ParentRunner.java:191) [junit-dep-4.8.2.jar:na]
	at org.junit.runners.ParentRunner.access$000(ParentRunner.java:42) [junit-dep-4.8.2.jar:na]
	at org.junit.runners.ParentRunner$2.evaluate(ParentRunner.java:184) [junit-dep-4.8.2.jar:na]
	at org.junit.runners.ParentRunner.run(ParentRunner.java:236) [junit-dep-4.8.2.jar:na]
	at org.junit.runner.JUnitCore.run(JUnitCore.java:157) [junit-dep-4.8.2.jar:na]
	at org.junit.runner.JUnitCore.run(JUnitCore.java:136) [junit-dep-4.8.2.jar:na]
	at org.junit.runner.JUnitCore.run(JUnitCore.java:127) [junit-dep-4.8.2.jar:na]
	at org.junit.runner.JUnitCore.runClasses(JUnitCore.java:76) [junit-dep-4.8.2.jar:na]
	at tests.TestSet.testAsSignedUser(TestSet.java:53) [test-classes/:na]
	at sun.reflect.NativeMethodAccessorImpl.invoke0(Native Method) ~[na:1.7.0]
	at sun.reflect.NativeMethodAccessorImpl.invoke(NativeMethodAccessorImpl.java:57) ~[na:1.7.0]
	at sun.reflect.DelegatingMethodAccessorImpl.invoke(DelegatingMethodAccessorImpl.java:43) ~[na:1.7.0]
	at java.lang.reflect.Method.invoke(Method.java:601) ~[na:1.7.0]
	at org.junit.runners.model.FrameworkMethod$1.runReflectiveCall(FrameworkMethod.java:44) [junit-dep-4.8.2.jar:na]
	at org.junit.internal.runners.model.ReflectiveCallable.run(ReflectiveCallable.java:15) [junit-dep-4.8.2.jar:na]
	at org.junit.runners.model.FrameworkMethod.invokeExplosively(FrameworkMethod.java:41) [junit-dep-4.8.2.jar:na]
	at org.junit.internal.runners.statements.InvokeMethod.evaluate(InvokeMethod.java:20) [junit-dep-4.8.2.jar:na]
	at org.junit.internal.runners.statements.RunBefores.evaluate(RunBefores.java:28) [junit-dep-4.8.2.jar:na]
	at org.junit.internal.runners.statements.RunAfters.evaluate(RunAfters.java:31) [junit-dep-4.8.2.jar:na]
	at org.junit.runners.BlockJUnit4ClassRunner.runNotIgnored(BlockJUnit4ClassRunner.java:79) [junit-dep-4.8.2.jar:na]
	at org.junit.runners.BlockJUnit4ClassRunner.runChild(BlockJUnit4ClassRunner.java:71) [junit-dep-4.8.2.jar:na]
	at org.junit.runners.BlockJUnit4ClassRunner.runChild(BlockJUnit4ClassRunner.java:49) [junit-dep-4.8.2.jar:na]
	at org.junit.runners.ParentRunner$3.run(ParentRunner.java:193) [junit-dep-4.8.2.jar:na]
	at org.junit.runners.ParentRunner$1.schedule(ParentRunner.java:52) [junit-dep-4.8.2.jar:na]
	at org.junit.runners.ParentRunner.runChildren(ParentRunner.java:191) [junit-dep-4.8.2.jar:na]
	at org.junit.runners.ParentRunner.access$000(ParentRunner.java:42) [junit-dep-4.8.2.jar:na]
	at org.junit.runners.ParentRunner$2.evaluate(ParentRunner.java:184) [junit-dep-4.8.2.jar:na]
	at org.junit.internal.runners.statements.RunBefores.evaluate(RunBefores.java:28) [junit-dep-4.8.2.jar:na]
	at org.junit.internal.runners.statements.RunAfters.evaluate(RunAfters.java:31) [junit-dep-4.8.2.jar:na]
	at org.junit.runners.ParentRunner.run(ParentRunner.java:236) [junit-dep-4.8.2.jar:na]
	at org.apache.maven.surefire.junit4.JUnit4Provider.execute(JUnit4Provider.java:264) [surefire-junit4-2.15.jar:2.15]
	at org.apache.maven.surefire.junit4.JUnit4Provider.executeTestSet(JUnit4Provider.java:153) [surefire-junit4-2.15.jar:2.15]
	at org.apache.maven.surefire.junit4.JUnit4Provider.invoke(JUnit4Provider.java:124) [surefire-junit4-2.15.jar:2.15]
	at org.apache.maven.surefire.booter.ForkedBooter.invokeProviderInSameClassLoader(ForkedBooter.java:200) [surefire-booter-2.15.jar:2.15]
	at org.apache.maven.surefire.booter.ForkedBooter.runSuitesInProcess(ForkedBooter.java:153) [surefire-booter-2.15.jar:2.15]
	at org.apache.maven.surefire.booter.ForkedBooter.main(ForkedBooter.java:103) [surefire-booter-2.15.jar:2.15]
org.openqa.selenium.remote.ErrorHandler$UnknownServerException: Unable to locate element: {"method":"css selector","selector":".quick-connect .span12.list-horizontal.applications-list li:nth-child(11) div.list-button.clearfix a"}
Build info: version: '2.33.0', revision: '4ecaf82108b2a6cc6f006aae81961236eba93358', time: '2013-05-22 12:00:17'
System info: os.name: 'Windows 7', os.arch: 'amd64', os.version: '6.1', java.version: '1.7.0'
Driver info: driver.version: unknown
	at <anonymous class>.FirefoxDriver.prototype.findElementInternal_(file:///C:/Users/XIAOXU~1/AppData/Local/Temp/anonymous9126371305726426522webdriver-profile/extensions/fxdriver@googlecode.com/components/driver_component.js:8444) ~[na:na]
	at <anonymous class>.FirefoxDriver.prototype.findElement(file:///C:/Users/XIAOXU~1/AppData/Local/Temp/anonymous9126371305726426522webdriver-profile/extensions/fxdriver@googlecode.com/components/driver_component.js:8453) ~[na:na]
	at <anonymous class>.DelayedCommand.prototype.executeInternal_/h(file:///C:/Users/XIAOXU~1/AppData/Local/Temp/anonymous9126371305726426522webdriver-profile/extensions/fxdriver@googlecode.com/components/command_processor.js:10456) ~[na:na]
	at <anonymous class>.DelayedCommand.prototype.executeInternal_(file:///C:/Users/XIAOXU~1/AppData/Local/Temp/anonymous9126371305726426522webdriver-profile/extensions/fxdriver@googlecode.com/components/command_processor.js:10461) ~[na:na]
	at <anonymous class>.DelayedCommand.prototype.execute/<(file:///C:/Users/XIAOXU~1/AppData/Local/Temp/anonymous9126371305726426522webdriver-profile/extensions/fxdriver@googlecode.com/components/command_processor.js:10401) ~[na:na]
2013-11-21 10:54:10 -testAsSignedUser -> run count:63    run failure:4    ignore count:0
